Using pre-set license
Built from '2021.1/staging' branch; Version is '2021.1.7f1 (d91830b65d9b) revision 14227504'; Using compiler version '192528614'; Build Type 'Release'
OS: 'Windows 10 Home Single Language; OS build 19044.2130; Version 2009; 64bit' Language: 'en' Physical Memory: 16221 MB
BatchMode: 1, IsHumanControllingUs: 0, StartBugReporterOnCrash: 0, Is64bit: 1, IsPro: 0

 COMMAND LINE ARGUMENTS:
C:\Program Files\Unity\Hub\Editor\2021.1.7f1\Editor\Unity.exe
-adb2
-batchMode
-noUpm
-name
AssetImportWorker0
-projectPath
D:/Unity/game/ZomebieFPS
-logFile
Logs/AssetImportWorker0.log
-srvPort
52697
Successfully changed project path to: D:/Unity/game/ZomebieFPS
D:/Unity/game/ZomebieFPS
Using Asset Import Pipeline V2.
Refreshing native plugins compatible for Editor in 94.92 ms, found 1 plugins.
Preloading 0 native plugins for Editor in 0.00 ms.
Initialize engine version: 2021.1.7f1 (d91830b65d9b)
[Subsystems] Discovering subsystems at path C:/Program Files/Unity/Hub/Editor/2021.1.7f1/Editor/Data/Resources/UnitySubsystems
[Subsystems] Discovering subsystems at path D:/Unity/game/ZomebieFPS/Assets
GfxDevice: creating device client; threaded=0; jobified=0
Direct3D:
    Version:  Direct3D 11.0 [level 11.1]
    Renderer: NVIDIA GeForce GTX 1650 (ID=0x1f91)
    Vendor:   NVIDIA
    VRAM:     3962 MB
    Driver:   27.21.14.5167
Initialize mono
Mono path[0] = 'C:/Program Files/Unity/Hub/Editor/2021.1.7f1/Editor/Data/Managed'
Mono path[1] = 'C:/Program Files/Unity/Hub/Editor/2021.1.7f1/Editor/Data/MonoBleedingEdge/lib/mono/unityjit'
Mono config path = 'C:/Program Files/Unity/Hub/Editor/2021.1.7f1/Editor/Data/MonoBleedingEdge/etc'
Using monoOptions --debugger-agent=transport=dt_socket,embedding=1,server=y,suspend=n,address=127.0.0.1:56156
Begin MonoManager ReloadAssembly
Registering precompiled unity dll's ...
Register platform support module: C:/Program Files/Unity/Hub/Editor/2021.1.7f1/Editor/Data/PlaybackEngines/WindowsStandaloneSupport/UnityEditor.WindowsStandalone.Extensions.dll
Registered in 0.001921 seconds.
Native extension for WindowsStandalone target not found
Refreshing native plugins compatible for Editor in 93.11 ms, found 1 plugins.
Preloading 0 native plugins for Editor in 0.00 ms.
Mono: successfully reloaded assembly
- Completed reload, in  1.990 seconds
Platform modules already initialized, skipping
Registering precompiled user dll's ...
Registered in 0.002002 seconds.
Begin MonoManager ReloadAssembly
Symbol file LoadedFromMemory doesn't match image D:\Unity\game\ZomebieFPS\Library\PackageCache\com.unity.visualscripting@1.6.1\Editor\VisualScripting.Core\Dependencies\YamlDotNet\Unity.VisualScripting.YamlDotNet.dll
Symbol file LoadedFromMemory doesn't match image D:\Unity\game\ZomebieFPS\Library\PackageCache\com.unity.visualscripting@1.6.1\Editor\VisualScripting.Core\Dependencies\DotNetZip\Unity.VisualScripting.IonicZip.dll
Native extension for WindowsStandalone target not found
Refreshing native plugins compatible for Editor in 101.29 ms, found 1 plugins.
Preloading 0 native plugins for Editor in 0.00 ms.
Mono: successfully reloaded assembly
- Completed reload, in  1.055 seconds
Platform modules already initialized, skipping
========================================================================
Worker process is ready to serve import requests
Shader 'Universal Render Pipeline/Particles/Lit': fallback shader 'Universal Render Pipeline/Particles/SimpleLit' not found
Shader 'Universal Render Pipeline/Particles/Lit': fallback shader 'Universal Render Pipeline/Particles/SimpleLit' not found
Launched and connected shader compiler UnityShaderCompiler.exe after 0.04 seconds
Refreshing native plugins compatible for Editor in 0.76 ms, found 1 plugins.
Preloading 0 native plugins for Editor in 0.00 ms.
Unloading 3997 Unused Serialized files (Serialized files now loaded: 0)
System memory in use before: 159.6 MB.
System memory in use after: 156.9 MB.

Unloading 48 unused Assets to reduce memory usage. Loaded Objects now: 4420.
Total: 3.813100 ms (FindLiveObjects: 0.290300 ms CreateObjectMapping: 0.297400 ms MarkObjects: 2.141800 ms  DeleteObjects: 1.082200 ms)

========================================================================
Received Import Request.
  path: Assets/Prefabs/Zombie.prefab
  artifactKey: Guid(bcc35b15b0c03a7439b3c88ac0025a37) Importer(815301076,1909f56bfc062723c751e8b465ee728b)
Start importing Assets/Prefabs/Zombie.prefab using Guid(bcc35b15b0c03a7439b3c88ac0025a37) Importer(815301076,1909f56bfc062723c751e8b465ee728b)  -> (artifact id: 'f33dff7e9109b6b6f9cd0d2be6042c37') in 0.289178 seconds 
========================================================================
Received Import Request.
  Time since last request: 322.962225 seconds.
  path: Assets/Prefabs/Zombie.prefab
  artifactKey: Guid(bcc35b15b0c03a7439b3c88ac0025a37) Importer(815301076,1909f56bfc062723c751e8b465ee728b)
Start importing Assets/Prefabs/Zombie.prefab using Guid(bcc35b15b0c03a7439b3c88ac0025a37) Importer(815301076,1909f56bfc062723c751e8b465ee728b)  -> (artifact id: '74caa67034fba143bfb6e62be1d5e4a0') in 0.035066 seconds 
========================================================================
Received Import Request.
  Time since last request: 1.118472 seconds.
  path: Assets/Prefabs/Zombie.prefab
  artifactKey: Guid(bcc35b15b0c03a7439b3c88ac0025a37) Importer(815301076,1909f56bfc062723c751e8b465ee728b)
Start importing Assets/Prefabs/Zombie.prefab using Guid(bcc35b15b0c03a7439b3c88ac0025a37) Importer(815301076,1909f56bfc062723c751e8b465ee728b)  -> (artifact id: 'd93413c9f9a741943bb7b7caf17b677f') in 0.035379 seconds 
========================================================================
Received Import Request.
  Time since last request: 21.146184 seconds.
  path: Assets/Prefabs/Zombie.prefab
  artifactKey: Guid(bcc35b15b0c03a7439b3c88ac0025a37) Importer(815301076,1909f56bfc062723c751e8b465ee728b)
Start importing Assets/Prefabs/Zombie.prefab using Guid(bcc35b15b0c03a7439b3c88ac0025a37) Importer(815301076,1909f56bfc062723c751e8b465ee728b)  -> (artifact id: '760917d61eba061aaff3050e4254f654') in 0.029158 seconds 
AssetImportWorkerClient::OnTransportError - code=2 error=End of file
